# JRE version: OpenJDK Runtime Environment (17.0.10) (build 17.0.10+0--11572160)
# Java VM: OpenJDK 64-Bit Server VM (17.0.10+0--11572160, mixed mode, tiered, compressed oops, compressed class ptrs, g1 gc, windows-amd64)
GC Precious Log:
 CPUs: 4 total, 4 available
 Memory: 8100M
 Large Page Support: Disabled
 NUMA Support: Disabled
 Compressed Oops: Enabled (32-bit)
 Heap Region Size: 1M
 Heap Min Capacity: 8M
 Heap Initial Capacity: 128M
 Heap Max Capacity: 2G
 Pre-touch: Disabled
 Parallel Workers: 4
 Concurrent Workers: 1
 Concurrent Refinement Workers: 4
 Periodic GC: Disabled
Heap:
 garbage-first heap   total 442368K, used 244665K [0x0000000080000000, 0x0000000100000000)
  region size 1024K, 83 young (84992K), 11 survivors (11264K)
 Metaspace       used 131239K, committed 132608K, reserved 1179648K
  class space    used 17458K, committed 18112K, reserved 1048576K
GC Heap History (20 events):
Event: 977.536 GC heap before
{Heap before GC invocations=73 (full 0):
 garbage-first heap   total 211968K, used 135714K [0x0000000080000000, 0x0000000100000000)
  region size 1024K, 16 young (16384K), 1 survivors (1024K)
 Metaspace       used 117210K, committed 118208K, reserved 1179648K
  class space    used 15855K, committed 16320K, reserved 1048576K
}
Event: 977.540 GC heap after
{Heap after GC invocations=74 (full 0):
 garbage-first heap   total 211968K, used 123457K [0x0000000080000000, 0x0000000100000000)
  region size 1024K, 3 young (3072K), 3 survivors (3072K)
 Metaspace       used 117210K, committed 118208K, reserved 1179648K
  class space    used 15855K, committed 16320K, reserved 1048576K
}
Event: 979.473 GC heap before
{Heap before GC invocations=75 (full 0):
 garbage-first heap   total 217088K, used 178753K [0x0000000080000000, 0x0000000100000000)
  region size 1024K, 47 young (48128K), 3 survivors (3072K)
 Metaspace       used 119696K, committed 120832K, reserved 1179648K
  class space    used 16210K, committed 16768K, reserved 1048576K
}
Event: 979.481 GC heap after
{Heap after GC invocations=76 (full 0):
 garbage-first heap   total 217088K, used 141875K [0x0000000080000000, 0x0000000100000000)
  region size 1024K, 6 young (6144K), 6 survivors (6144K)
 Metaspace       used 119696K, committed 120832K, reserved 1179648K
  class space    used 16210K, committed 16768K, reserved 1048576K
}
Event: 979.538 GC heap before
{Heap before GC invocations=76 (full 0):
 garbage-first heap   total 217088K, used 144947K [0x0000000080000000, 0x0000000100000000)
  region size 1024K, 10 young (10240K), 6 survivors (6144K)
 Metaspace       used 119802K, committed 120896K, reserved 1179648K
  class space    used 16223K, committed 16768K, reserved 1048576K
}
Event: 979.549 GC heap after
{Heap after GC invocations=77 (full 0):
 garbage-first heap   total 217088K, used 140357K [0x0000000080000000, 0x0000000100000000)
  region size 1024K, 1 young (1024K), 1 survivors (1024K)
 Metaspace       used 119802K, committed 120896K, reserved 1179648K
  class space    used 16223K, committed 16768K, reserved 1048576K
}
Event: 980.275 GC heap before
{Heap before GC invocations=77 (full 0):
 garbage-first heap   total 217088K, used 154693K [0x0000000080000000, 0x0000000100000000)
  region size 1024K, 17 young (17408K), 1 survivors (1024K)
 Metaspace       used 121836K, committed 122944K, reserved 1179648K
  class space    used 16481K, committed 17024K, reserved 1048576K
}
Event: 980.278 GC heap after
{Heap after GC invocations=78 (full 0):
 garbage-first heap   total 217088K, used 141605K [0x0000000080000000, 0x0000000100000000)
  region size 1024K, 2 young (2048K), 2 survivors (2048K)
 Metaspace       used 121836K, committed 122944K, reserved 1179648K
  class space    used 16481K, committed 17024K, reserved 1048576K
}
Event: 982.378 GC heap before
{Heap before GC invocations=79 (full 0):
 garbage-first heap   total 247808K, used 180517K [0x0000000080000000, 0x0000000100000000)
  region size 1024K, 38 young (38912K), 2 survivors (2048K)
 Metaspace       used 126803K, committed 127872K, reserved 1179648K
  class space    used 17017K, committed 17536K, reserved 1048576K
}
Event: 982.383 GC heap after
{Heap after GC invocations=80 (full 0):
 garbage-first heap   total 247808K, used 142405K [0x0000000080000000, 0x0000000100000000)
  region size 1024K, 3 young (3072K), 3 survivors (3072K)
 Metaspace       used 126803K, committed 127872K, reserved 1179648K
  class space    used 17017K, committed 17536K, reserved 1048576K
}
Event: 982.776 GC heap before
{Heap before GC invocations=80 (full 0):
 garbage-first heap   total 247808K, used 151621K [0x0000000080000000, 0x0000000100000000)
  region size 1024K, 12 young (12288K), 3 survivors (3072K)
 Metaspace       used 126918K, committed 128000K, reserved 1179648K
  class space    used 17028K, committed 17536K, reserved 1048576K
}
Event: 982.784 GC heap after
{Heap after GC invocations=81 (full 0):
 garbage-first heap   total 247808K, used 142601K [0x0000000080000000, 0x0000000100000000)
  region size 1024K, 2 young (2048K), 2 survivors (2048K)
 Metaspace       used 126918K, committed 128000K, reserved 1179648K
  class space    used 17028K, committed 17536K, reserved 1048576K
}
Event: 994.007 GC heap before
{Heap before GC invocations=81 (full 0):
 garbage-first heap   total 247808K, used 196873K [0x0000000080000000, 0x0000000100000000)
  region size 1024K, 56 young (57344K), 2 survivors (2048K)
 Metaspace       used 127393K, committed 128448K, reserved 1179648K
  class space    used 17079K, committed 17600K, reserved 1048576K
}
Event: 994.017 GC heap after
{Heap after GC invocations=82 (full 0):
 garbage-first heap   total 442368K, used 147230K [0x0000000080000000, 0x0000000100000000)
  region size 1024K, 7 young (7168K), 7 survivors (7168K)
 Metaspace       used 127393K, committed 128448K, reserved 1179648K
  class space    used 17079K, committed 17600K, reserved 1048576K
}
Event: 2051.709 GC heap before
{Heap before GC invocations=83 (full 0):
 garbage-first heap   total 442368K, used 301854K [0x0000000080000000, 0x0000000100000000)
  region size 1024K, 158 young (161792K), 7 survivors (7168K)
 Metaspace       used 130255K, committed 131520K, reserved 1179648K
  class space    used 17366K, committed 17984K, reserved 1048576K
}
Event: 2051.735 GC heap after
{Heap after GC invocations=84 (full 0):
 garbage-first heap   total 442368K, used 161207K [0x0000000080000000, 0x0000000100000000)
  region size 1024K, 20 young (20480K), 20 survivors (20480K)
 Metaspace       used 130255K, committed 131520K, reserved 1179648K
  class space    used 17366K, committed 17984K, reserved 1048576K
}
Event: 2051.754 GC heap before
{Heap before GC invocations=84 (full 0):
 garbage-first heap   total 442368K, used 162231K [0x0000000080000000, 0x0000000100000000)
  region size 1024K, 21 young (21504K), 20 survivors (20480K)
 Metaspace       used 130256K, committed 131520K, reserved 1179648K
  class space    used 17366K, committed 17984K, reserved 1048576K
}
Event: 2051.777 GC heap after
{Heap after GC invocations=85 (full 0):
 garbage-first heap   total 442368K, used 160576K [0x0000000080000000, 0x0000000100000000)
  region size 1024K, 2 young (2048K), 2 survivors (2048K)
 Metaspace       used 130256K, committed 131520K, reserved 1179648K
  class space    used 17366K, committed 17984K, reserved 1048576K
}
Event: 2062.206 GC heap before
{Heap before GC invocations=85 (full 0):
 garbage-first heap   total 442368K, used 242496K [0x0000000080000000, 0x0000000100000000)
  region size 1024K, 83 young (84992K), 2 survivors (2048K)
 Metaspace       used 131023K, committed 132416K, reserved 1179648K
  class space    used 17433K, committed 18112K, reserved 1048576K
}
Event: 2062.226 GC heap after
{Heap after GC invocations=86 (full 0):
 garbage-first heap   total 442368K, used 169913K [0x0000000080000000, 0x0000000100000000)
  region size 1024K, 11 young (11264K), 11 survivors (11264K)
 Metaspace       used 131023K, committed 132416K, reserved 1179648K
  class space    used 17433K, committed 18112K, reserved 1048576K
}

